[08/07/19-10:43:30] ----  TypeError on Disconnecting [self.EHarvest.clicked signal] 
[08/07/19-15:14:38] ----  Spy Malware will take a few seconds or even minutes
[08/07/19-15:38:50] ----  Spy Malware will take a few seconds or even minutes
[08/07/19-15:51:15] ----  Spy Malware will take a few seconds or even minutes
[08/07/19-16:12:37] ----  Critical Error: Please check the configuration of your attack
[08/07/19-16:12:38] ----  Critical Error: Please check the configuration of your attack
[08/07/19-16:12:39] ----  Critical Error: Please check the configuration of your attack
[08/07/19-16:12:41] ----  Eternalblue Doublepoulsar exploit will take a few seconds or even minutes
[08/07/19-16:42:48] ----  Android exploit will take a few secons or even minutes
[08/07/19-16:51:52] ----  Android exploit will take a few secons or even minutes
[08/07/19-17:44:40] ----  Android exploit will take a few secons or even minutes
[08/07/19-17:52:43] ----  Critical Error: Please check the configuration of your attack
[08/07/19-17:52:44] ----  Critical Error: Please check the configuration of your attack
[08/07/19-17:52:46] ----  Critical Error: Please check the configuration of your attack
[08/07/19-17:52:48] ----  Eternalblue Doublepoulsar exploit will take a few seconds or even minutes
[08/07/19-17:53:48] ----  Spy Malware will take a few seconds or even minutes
[08/07/19-17:54:41] ----  Spy Malware will take a few seconds or even minutes
[08/07/19-18:03:26] ----  Spy Malware will take a few seconds or even minutes
[08/07/19-18:06:21] ----  Spy Malware will take a few seconds or even minutes
[08/07/19-19:36:53] ----  Android exploit will take a few secons or even minutes
[08/07/19-19:46:38] ----  Critical Error: Please check the configuration of your attack
[08/07/19-19:46:39] ----  Critical Error: Please check the configuration of your attack
[08/07/19-19:46:40] ----  Critical Error: Please check the configuration of your attack
[08/07/19-19:46:41] ----  Eternalblue Doublepoulsar exploit will take a few seconds or even minutes
[08/07/19-19:48:08] ----  Spy Malware will take a few seconds or even minutes
[08/08/19-16:10:40] ----  Upload Cancelled
[08/09/19-15:05:41] ----  Spy Malware will take a few seconds or even minutes
[08/09/19-15:09:02] ----  AutoDownload Malware will take a few second or even minutes
[09/19/19-02:32:55] ----  Spy Malware will take a few seconds or even minutes
[09/19/19-02:35:05] ----  Critical Error: Please check the configuration of your attack
[09/19/19-02:35:07] ----  Critical Error: Please check the configuration of your attack
[09/19/19-02:35:08] ----  Critical Error: Please check the configuration of your attack
[09/19/19-02:35:09] ----  Eternalblue Doublepoulsar exploit will take a few seconds or even minutes
[11/12/19-17:34:49] ----  Android shell malware will take a few secons or even minutes
[11/13/19-16:31:12] ----  Upload Cancelled
[11/15/19-16:10:29] ----  Android shell malware will take a few secons or even minutes
[11/16/19-22:36:33] ----  Spy Malware will take a few seconds or even minutes
